<?xml version="1.0" encoding="UTF-8"?>
<testsuite name="domain.MovieServiceTest" tests="3" skipped="0" failures="0" errors="0" timestamp="2023-01-17T17:26:25" hostname="LAPTOP-04FIDNTN" time="0.016">
  <properties/>
  <testcase name="register()" classname="domain.MovieServiceTest" time="0.014"/>
  <testcase name="addReview()" classname="domain.MovieServiceTest" time="0.002"/>
  <testcase name="getMovies()" classname="domain.MovieServiceTest" time="0.0"/>
  <system-out><![CDATA[]]></system-out>
  <system-err><![CDATA[]]></system-err>
</testsuite>
